Build started 12-11-2010 05:47:52.
     1>Project "C:\Users\Answer\Desktop\laig_trabalho\Trabalho 2\LAIGtp2\LAIGtp2.vcxproj" on node 2 (build target(s)).
     1>InitializeBuildStatus:
         Touching "Debug\LAIGtp2.unsuccessfulbuild".
       ClCompile:
         F:\Microsoft Visual Studio 10.0\VC\bin\CL.exe /c /ZI /nologo /W3 /WX- /Od /Oy- /D WIN32 /D _DEBUG /D _CONSOLE /D _UNICODE /D UNICODE /Gm /EHsc /RTC1 /MDd /GS /fp:precise /Zc:wchar_t /Zc:forScope /Fo"Debug\\" /Fd"Debug\vc100.pdb" /Gd /TP /analyze- /errorReport:prompt src\SceneLoader.cpp
         SceneLoader.cpp
     1>c:\users\answer\desktop\laig_trabalho\trabalho 2\laigtp2\src\sceneloader.h(39): error C2236: unexpected 'class' 'Illumination'. Did you forget a ';'?
     1>c:\users\answer\desktop\laig_trabalho\trabalho 2\laigtp2\src\sceneloader.h(39): error C2143: syntax error : missing ';' before '{'
     1>c:\users\answer\desktop\laig_trabalho\trabalho 2\laigtp2\src\sceneloader.h(39): error C2447: '{' : missing function header (old-style formal list?)
     1>c:\users\answer\desktop\laig_trabalho\trabalho 2\laigtp2\src\sceneloader.h(72): error C2236: unexpected 'class' 'Material'. Did you forget a ';'?
     1>c:\users\answer\desktop\laig_trabalho\trabalho 2\laigtp2\src\sceneloader.h(72): error C2143: syntax error : missing ';' before '{'
     1>c:\users\answer\desktop\laig_trabalho\trabalho 2\laigtp2\src\sceneloader.h(72): error C2447: '{' : missing function header (old-style formal list?)
     1>c:\users\answer\desktop\laig_trabalho\trabalho 2\laigtp2\src\sceneloader.h(106): error C2236: unexpected 'class' 'Object'. Did you forget a ';'?
     1>c:\users\answer\desktop\laig_trabalho\trabalho 2\laigtp2\src\sceneloader.h(106): error C2143: syntax error : missing ';' before '{'
     1>c:\users\answer\desktop\laig_trabalho\trabalho 2\laigtp2\src\sceneloader.h(106): error C2447: '{' : missing function header (old-style formal list?)
     1>c:\users\answer\desktop\laig_trabalho\trabalho 2\laigtp2\src\sceneloader.h(129): error C2065: 'Material' : undeclared identifier
     1>c:\users\answer\desktop\laig_trabalho\trabalho 2\laigtp2\src\sceneloader.h(129): error C2059: syntax error : '>'
     1>c:\users\answer\desktop\laig_trabalho\trabalho 2\laigtp2\src\sceneloader.h(155): error C2143: syntax error : missing ';' before '}'
     1>f:\microsoft visual studio 10.0\vc\include\iostream(10): error C2143: syntax error : missing ';' before '{'
     1>f:\microsoft visual studio 10.0\vc\include\iostream(25): error C2065: '_Ptr_cin' : undeclared identifier
     1>f:\microsoft visual studio 10.0\vc\include\iostream(25): error C2143: syntax error : missing ',' before ';'
     1>f:\microsoft visual studio 10.0\vc\include\iostream(26): error C2065: '_Ptr_cout' : undeclared identifier
     1>f:\microsoft visual studio 10.0\vc\include\iostream(26): error C2143: syntax error : missing ',' before ';'
     1>f:\microsoft visual studio 10.0\vc\include\iostream(27): error C2065: '_Ptr_cerr' : undeclared identifier
     1>f:\microsoft visual studio 10.0\vc\include\iostream(27): error C2143: syntax error : missing ',' before ';'
     1>f:\microsoft visual studio 10.0\vc\include\iostream(28): error C2065: '_Ptr_clog' : undeclared identifier
     1>f:\microsoft visual studio 10.0\vc\include\iostream(28): error C2143: syntax error : missing ',' before ';'
     1>f:\microsoft visual studio 10.0\vc\include\iostream(30): error C2065: '_Ptr_wcin' : undeclared identifier
     1>f:\microsoft visual studio 10.0\vc\include\iostream(30): error C2143: syntax error : missing ',' before ';'
     1>f:\microsoft visual studio 10.0\vc\include\iostream(31): error C2065: '_Ptr_wcout' : undeclared identifier
     1>f:\microsoft visual studio 10.0\vc\include\iostream(31): error C2143: syntax error : missing ',' before ';'
     1>f:\microsoft visual studio 10.0\vc\include\iostream(32): error C2065: '_Ptr_wcerr' : undeclared identifier
     1>f:\microsoft visual studio 10.0\vc\include\iostream(32): error C2143: syntax error : missing ',' before ';'
     1>f:\microsoft visual studio 10.0\vc\include\iostream(33): error C2065: '_Ptr_wclog' : undeclared identifier
     1>f:\microsoft visual studio 10.0\vc\include\iostream(33): error C2143: syntax error : missing ',' before ';'
     1>f:\microsoft visual studio 10.0\vc\include\iostream(36): error C2143: syntax error : missing ';' before '{'
     1>f:\microsoft visual studio 10.0\vc\include\iostream(42): error C2143: syntax error : missing ';' before '}'
     1>f:\microsoft visual studio 10.0\vc\include\iostream(45): error C2143: syntax error : missing ';' before '}'
     1>c:\users\answer\desktop\laig_trabalho\trabalho 2\laigtp2\src\sceneloader.cpp(21): error C2143: syntax error : missing ';' before '{'
     1>c:\users\answer\desktop\laig_trabalho\trabalho 2\laigtp2\src\sceneloader.cpp(26): error C2065: 'val' : undeclared identifier
     1>c:\users\answer\desktop\laig_trabalho\trabalho 2\laigtp2\src\sceneloader.cpp(32): error C2143: syntax error : missing ';' before '}'
     1>c:\users\answer\desktop\laig_trabalho\trabalho 2\laigtp2\src\sceneloader.cpp(35): error C2143: syntax error : missing ';' before '{'
     1>c:\users\answer\desktop\laig_trabalho\trabalho 2\laigtp2\src\sceneloader.cpp(37): error C2065: 'far' : undeclared identifier
     1>c:\users\answer\desktop\laig_trabalho\trabalho 2\laigtp2\src\sceneloader.cpp(37): error C2065: 'axisscale' : undeclared identifier
     1>c:\users\answer\desktop\laig_trabalho\trabalho 2\laigtp2\src\sceneloader.cpp(37): error C2143: syntax error : missing ',' before ';'
     1>c:\users\answer\desktop\laig_trabalho\trabalho 2\laigtp2\src\sceneloader.cpp(38): error C2065: 'near' : undeclared identifier
     1>c:\users\answer\desktop\laig_trabalho\trabalho 2\laigtp2\src\sceneloader.cpp(38): error C2143: syntax error : missing ',' before ')'
     1>c:\users\answer\desktop\laig_trabalho\trabalho 2\laigtp2\src\sceneloader.cpp(39): error C2065: 'far' : undeclared identifier
     1>c:\users\answer\desktop\laig_trabalho\trabalho 2\laigtp2\src\sceneloader.cpp(39): error C2143: syntax error : missing ',' before ')'
     1>c:\users\answer\desktop\laig_trabalho\trabalho 2\laigtp2\src\sceneloader.cpp(40): error C2065: 'axisscale' : undeclared identifier
     1>c:\users\answer\desktop\laig_trabalho\trabalho 2\laigtp2\src\sceneloader.cpp(40): error C2143: syntax error : missing ',' before ')'
     1>c:\users\answer\desktop\laig_trabalho\trabalho 2\laigtp2\src\sceneloader.cpp(41): error C2143: syntax error : missing ';' before '{'
     1>c:\users\answer\desktop\laig_trabalho\trabalho 2\laigtp2\src\sceneloader.cpp(42): error C2065: 'near' : undeclared identifier
     1>c:\users\answer\desktop\laig_trabalho\trabalho 2\laigtp2\src\sceneloader.cpp(42): error C2065: 'far' : undeclared identifier
     1>c:\users\answer\desktop\laig_trabalho\trabalho 2\laigtp2\src\sceneloader.cpp(42): error C2065: 'axisscale' : undeclared identifier
     1>c:\users\answer\desktop\laig_trabalho\trabalho 2\laigtp2\src\sceneloader.cpp(42): error C2143: syntax error : missing ',' before ')'
     1>c:\users\answer\desktop\laig_trabalho\trabalho 2\laigtp2\src\sceneloader.cpp(45): error C2143: syntax error : missing ';' before '}'
     1>c:\users\answer\desktop\laig_trabalho\trabalho 2\laigtp2\src\sceneloader.cpp(49): error C2143: syntax error : missing ';' before '}'
     1>c:\users\answer\desktop\laig_trabalho\trabalho 2\laigtp2\src\sceneloader.cpp(52): error C2143: syntax error : missing ';' before '{'
     1>c:\users\answer\desktop\laig_trabalho\trabalho 2\laigtp2\src\sceneloader.cpp(55): error C2065: 'length_t' : undeclared identifier
     1>c:\users\answer\desktop\laig_trabalho\trabalho 2\laigtp2\src\sceneloader.cpp(56): error C2065: 'length_s' : undeclared identifier
     1>c:\users\answer\desktop\laig_trabalho\trabalho 2\laigtp2\src\sceneloader.cpp(56): error C2143: syntax error : missing ',' before ')'
     1>c:\users\answer\desktop\laig_trabalho\trabalho 2\laigtp2\src\sceneloader.cpp(57): error C2065: 'length_t' : undeclared identifier
     1>c:\users\answer\desktop\laig_trabalho\trabalho 2\laigtp2\src\sceneloader.cpp(57): error C2143: syntax error : missing ',' before ')'
     1>c:\users\answer\desktop\laig_trabalho\trabalho 2\laigtp2\src\sceneloader.cpp(58): error C2143: syntax error : missing ';' before '{'
     1>c:\users\answer\desktop\laig_trabalho\trabalho 2\laigtp2\src\sceneloader.cpp(59): error C2065: 'file' : undeclared identifier
     1>c:\users\answer\desktop\laig_trabalho\trabalho 2\laigtp2\src\sceneloader.cpp(59): error C2065: 'length_s' : undeclared identifier
     1>c:\users\answer\desktop\laig_trabalho\trabalho 2\laigtp2\src\sceneloader.cpp(59): error C2065: 'length_t' : undeclared identifier
     1>c:\users\answer\desktop\laig_trabalho\trabalho 2\laigtp2\src\sceneloader.cpp(59): error C2143: syntax error : missing ',' before ')'
     1>c:\users\answer\desktop\laig_trabalho\trabalho 2\laigtp2\src\sceneloader.cpp(63): error C2143: syntax error : missing ';' before '}'
     1>c:\users\answer\desktop\laig_trabalho\trabalho 2\laigtp2\src\sceneloader.cpp(66): error C2143: syntax error : missing ';' before '}'
     1>c:\users\answer\desktop\laig_trabalho\trabalho 2\laigtp2\src\sceneloader.cpp(70): error C2143: syntax error : missing ';' before '{'
     1>c:\users\answer\desktop\laig_trabalho\trabalho 2\laigtp2\src\sceneloader.cpp(72): error C2065: 'g' : undeclared identifier
     1>c:\users\answer\desktop\laig_trabalho\trabalho 2\laigtp2\src\sceneloader.cpp(72): error C2065: 'b' : undeclared identifier
     1>c:\users\answer\desktop\laig_trabalho\trabalho 2\laigtp2\src\sceneloader.cpp(72): error C2065: 'a' : undeclared identifier
     1>c:\users\answer\desktop\laig_trabalho\trabalho 2\laigtp2\src\sceneloader.cpp(72): error C2065: 'shininess' : undeclared identifier
     1>c:\users\answer\desktop\laig_trabalho\trabalho 2\laigtp2\src\sceneloader.cpp(72): error C2143: syntax error : missing ',' before ';'
     1>c:\users\answer\desktop\laig_trabalho\trabalho 2\laigtp2\src\sceneloader.cpp(73): error C2143: syntax error : missing ';' before '{'
     1>c:\users\answer\desktop\laig_trabalho\trabalho 2\laigtp2\src\sceneloader.cpp(81): error C2143: syntax error : missing ';' before '{'
     1>c:\users\answer\desktop\laig_trabalho\trabalho 2\laigtp2\src\sceneloader.cpp(83): error C2143: syntax error : missing ';' before '{'
     1>c:\users\answer\desktop\laig_trabalho\trabalho 2\laigtp2\src\sceneloader.cpp(84): error C2065: 'r' : undeclared identifier
     1>c:\users\answer\desktop\laig_trabalho\trabalho 2\laigtp2\src\sceneloader.cpp(84): error C2143: syntax error : missing ',' before ')'
     1>c:\users\answer\desktop\laig_trabalho\trabalho 2\laigtp2\src\sceneloader.cpp(85): error C2065: 'g' : undeclared identifier
     1>c:\users\answer\desktop\laig_trabalho\trabalho 2\laigtp2\src\sceneloader.cpp(85): error C2143: syntax error : missing ',' before ')'
     1>c:\users\answer\desktop\laig_trabalho\trabalho 2\laigtp2\src\sceneloader.cpp(86): error C2065: 'b' : undeclared identifier
     1>c:\users\answer\desktop\laig_trabalho\trabalho 2\laigtp2\src\sceneloader.cpp(86): error C2143: syntax error : missing ',' before ')'
     1>c:\users\answer\desktop\laig_trabalho\trabalho 2\laigtp2\src\sceneloader.cpp(87): error C2065: 'a' : undeclared identifier
     1>c:\users\answer\desktop\laig_trabalho\trabalho 2\laigtp2\src\sceneloader.cpp(87): error C2143: syntax error : missing ',' before ')'
     1>c:\users\answer\desktop\laig_trabalho\trabalho 2\laigtp2\src\sceneloader.cpp(88): error C2143: syntax error : missing ';' before '{'
     1>c:\users\answer\desktop\laig_trabalho\trabalho 2\laigtp2\src\sceneloader.cpp(94): error C2143: syntax error : missing ';' before '}'
     1>c:\users\answer\desktop\laig_trabalho\trabalho 2\laigtp2\src\sceneloader.cpp(95): error C2143: syntax error : missing ';' before '}'
     1>c:\users\answer\desktop\laig_trabalho\trabalho 2\laigtp2\src\sceneloader.cpp(97): error C2143: syntax error : missing ';' before '{'
     1>c:\users\answer\desktop\laig_trabalho\trabalho 2\laigtp2\src\sceneloader.cpp(98): error C2065: 'r' : undeclared identifier
     1>c:\users\answer\desktop\laig_trabalho\trabalho 2\laigtp2\src\sceneloader.cpp(98): error C2143: syntax error : missing ',' before ')'
     1>c:\users\answer\desktop\laig_trabalho\trabalho 2\laigtp2\src\sceneloader.cpp(99): error C2065: 'g' : undeclared identifier
     1>c:\users\answer\desktop\laig_trabalho\trabalho 2\laigtp2\src\sceneloader.cpp(99): error C2143: syntax error : missing ',' before ')'
     1>c:\users\answer\desktop\laig_trabalho\trabalho 2\laigtp2\src\sceneloader.cpp(100): error C2065: 'b' : undeclared identifier
     1>c:\users\answer\desktop\laig_trabalho\trabalho 2\laigtp2\src\sceneloader.cpp(100): error C2143: syntax error : missing ',' before ')'
     1>c:\users\answer\desktop\laig_trabalho\trabalho 2\laigtp2\src\sceneloader.cpp(101): error C2065: 'a' : undeclared identifier
     1>c:\users\answer\desktop\laig_trabalho\trabalho 2\laigtp2\src\sceneloader.cpp(101): error C2143: syntax error : missing ',' before ')'
     1>c:\users\answer\desktop\laig_trabalho\trabalho 2\laigtp2\src\sceneloader.cpp(102): error C2143: syntax error : missing ';' before '{'
     1>c:\users\answer\desktop\laig_trabalho\trabalho 2\laigtp2\src\sceneloader.cpp(108): error C2143: syntax error : missing ';' before '}'
     1>c:\users\answer\desktop\laig_trabalho\trabalho 2\laigtp2\src\sceneloader.cpp(109): error C2143: syntax error : missing ';' before '}'
     1>c:\users\answer\desktop\laig_trabalho\trabalho 2\laigtp2\src\sceneloader.cpp(111): error C2143: syntax error : missing ';' before '{'
     1>c:\users\answer\desktop\laig_trabalho\trabalho 2\laigtp2\src\sceneloader.cpp(112): error C2065: 'r' : undeclared identifier
     1>c:\users\answer\desktop\laig_trabalho\trabalho 2\laigtp2\src\sceneloader.cpp(112): error C2143: syntax error : missing ',' before ')'
     1>c:\users\answer\desktop\laig_trabalho\trabalho 2\laigtp2\src\sceneloader.cpp(113): error C2065: 'g' : undeclared identifier
     1>c:\users\answer\desktop\laig_trabalho\trabalho 2\laigtp2\src\sceneloader.cpp(113): fatal error C1003: error count exceeds 100; stopping compilation
     1>Done Building Project "C:\Users\Answer\Desktop\laig_trabalho\Trabalho 2\LAIGtp2\LAIGtp2.vcxproj" (build target(s)) -- FAILED.

Build FAILED.

Time Elapsed 00:00:00.89
